Determining if the pthread_create exist failed with the following output:
Change Dir: /home/huier/Projects/robomaster/gimbal_sim_gazebo/set_vel_plugin/build/CMakeFiles/CMakeTmp

Run Build Command:"/usr/bin/make" "cmTC_f8259/fast"
/usr/bin/make -f CMakeFiles/cmTC_f8259.dir/build.make CMakeFiles/cmTC_f8259.dir/build
make[1]: Entering directory '/home/huier/Projects/robomaster/gimbal_sim_gazebo/set_vel_plugin/build/CMakeFiles/CMakeTmp'
Building C object CMakeFiles/cmTC_f8259.dir/CheckSymbolExists.c.o
/usr/bin/cc    -o CMakeFiles/cmTC_f8259.dir/CheckSymbolExists.c.o   -c /home/huier/Projects/robomaster/gimbal_sim_gazebo/set_vel_plugin/build/CMakeFiles/CMakeTmp/CheckSymbolExists.c
Linking C executable cmTC_f8259
/usr/local/bin/cmake -E cmake_link_script CMakeFiles/cmTC_f8259.dir/link.txt --verbose=1
/usr/bin/cc      -rdynamic CMakeFiles/cmTC_f8259.dir/CheckSymbolExists.c.o  -o cmTC_f8259 
CMakeFiles/cmTC_f8259.dir/CheckSymbolExists.c.o: In function `main':
CheckSymbolExists.c:(.text+0x16): undefined reference to `pthread_create'
collect2: error: ld returned 1 exit status
CMakeFiles/cmTC_f8259.dir/build.make:97: recipe for target 'cmTC_f8259' failed
make[1]: *** [cmTC_f8259] Error 1
make[1]: Leaving directory '/home/huier/Projects/robomaster/gimbal_sim_gazebo/set_vel_plugin/build/CMakeFiles/CMakeTmp'
Makefile:126: recipe for target 'cmTC_f8259/fast' failed
make: *** [cmTC_f8259/fast] Error 2

File /home/huier/Projects/robomaster/gimbal_sim_gazebo/set_vel_plugin/build/CMakeFiles/CMakeTmp/CheckSymbolExists.c:
/* */
#include <pthread.h>

int main(int argc, char** argv)
{
  (void)argv;
#ifndef pthread_create
  return ((int*)(&pthread_create))[argc];
#else
  (void)argc;
  return 0;
#endif
}

Determining if the function pthread_create exists in the pthreads failed with the following output:
Change Dir: /home/huier/Projects/robomaster/gimbal_sim_gazebo/set_vel_plugin/build/CMakeFiles/CMakeTmp

Run Build Command:"/usr/bin/make" "cmTC_1b440/fast"
/usr/bin/make -f CMakeFiles/cmTC_1b440.dir/build.make CMakeFiles/cmTC_1b440.dir/build
make[1]: Entering directory '/home/huier/Projects/robomaster/gimbal_sim_gazebo/set_vel_plugin/build/CMakeFiles/CMakeTmp'
Building C object CMakeFiles/cmTC_1b440.dir/CheckFunctionExists.c.o
/usr/bin/cc   -DCHECK_FUNCTION_EXISTS=pthread_create   -o CMakeFiles/cmTC_1b440.dir/CheckFunctionExists.c.o   -c /usr/local/share/cmake-3.10/Modules/CheckFunctionExists.c
Linking C executable cmTC_1b440
/usr/local/bin/cmake -E cmake_link_script CMakeFiles/cmTC_1b440.dir/link.txt --verbose=1
/usr/bin/cc  -DCHECK_FUNCTION_EXISTS=pthread_create    -rdynamic CMakeFiles/cmTC_1b440.dir/CheckFunctionExists.c.o  -o cmTC_1b440 -lpthreads 
/usr/bin/ld: cannot find -lpthreads
collect2: error: ld returned 1 exit status
CMakeFiles/cmTC_1b440.dir/build.make:97: recipe for target 'cmTC_1b440' failed
make[1]: *** [cmTC_1b440] Error 1
make[1]: Leaving directory '/home/huier/Projects/robomaster/gimbal_sim_gazebo/set_vel_plugin/build/CMakeFiles/CMakeTmp'
Makefile:126: recipe for target 'cmTC_1b440/fast' failed
make: *** [cmTC_1b440/fast] Error 2


Determining if the pthread_create exist failed with the following output:
Change Dir: /home/huier/Projects/robomaster/gimbal_sim_gazebo/set_vel_plugin/build/CMakeFiles/CMakeTmp

Run Build Command:"/usr/bin/make" "cmTC_c166a/fast"
/usr/bin/make -f CMakeFiles/cmTC_c166a.dir/build.make CMakeFiles/cmTC_c166a.dir/build
make[1]: Entering directory '/home/huier/Projects/robomaster/gimbal_sim_gazebo/set_vel_plugin/build/CMakeFiles/CMakeTmp'
Building C object CMakeFiles/cmTC_c166a.dir/CheckSymbolExists.c.o
/usr/bin/cc    -o CMakeFiles/cmTC_c166a.dir/CheckSymbolExists.c.o   -c /home/huier/Projects/robomaster/gimbal_sim_gazebo/set_vel_plugin/build/CMakeFiles/CMakeTmp/CheckSymbolExists.c
Linking C executable cmTC_c166a
/usr/local/bin/cmake -E cmake_link_script CMakeFiles/cmTC_c166a.dir/link.txt --verbose=1
/usr/bin/cc      -rdynamic CMakeFiles/cmTC_c166a.dir/CheckSymbolExists.c.o  -o cmTC_c166a 
CMakeFiles/cmTC_c166a.dir/CheckSymbolExists.c.o: In function `main':
CheckSymbolExists.c:(.text+0x16): undefined reference to `pthread_create'
collect2: error: ld returned 1 exit status
CMakeFiles/cmTC_c166a.dir/build.make:97: recipe for target 'cmTC_c166a' failed
make[1]: *** [cmTC_c166a] Error 1
make[1]: Leaving directory '/home/huier/Projects/robomaster/gimbal_sim_gazebo/set_vel_plugin/build/CMakeFiles/CMakeTmp'
Makefile:126: recipe for target 'cmTC_c166a/fast' failed
make: *** [cmTC_c166a/fast] Error 2

File /home/huier/Projects/robomaster/gimbal_sim_gazebo/set_vel_plugin/build/CMakeFiles/CMakeTmp/CheckSymbolExists.c:
/* */
#include <pthread.h>

int main(int argc, char** argv)
{
  (void)argv;
#ifndef pthread_create
  return ((int*)(&pthread_create))[argc];
#else
  (void)argc;
  return 0;
#endif
}

Determining if the function pthread_create exists in the pthreads failed with the following output:
Change Dir: /home/huier/Projects/robomaster/gimbal_sim_gazebo/set_vel_plugin/build/CMakeFiles/CMakeTmp

Run Build Command:"/usr/bin/make" "cmTC_9f21d/fast"
/usr/bin/make -f CMakeFiles/cmTC_9f21d.dir/build.make CMakeFiles/cmTC_9f21d.dir/build
make[1]: Entering directory '/home/huier/Projects/robomaster/gimbal_sim_gazebo/set_vel_plugin/build/CMakeFiles/CMakeTmp'
Building C object CMakeFiles/cmTC_9f21d.dir/CheckFunctionExists.c.o
/usr/bin/cc   -DCHECK_FUNCTION_EXISTS=pthread_create   -o CMakeFiles/cmTC_9f21d.dir/CheckFunctionExists.c.o   -c /usr/local/share/cmake-3.10/Modules/CheckFunctionExists.c
Linking C executable cmTC_9f21d
/usr/local/bin/cmake -E cmake_link_script CMakeFiles/cmTC_9f21d.dir/link.txt --verbose=1
/usr/bin/cc  -DCHECK_FUNCTION_EXISTS=pthread_create    -rdynamic CMakeFiles/cmTC_9f21d.dir/CheckFunctionExists.c.o  -o cmTC_9f21d -lpthreads 
/usr/bin/ld: cannot find -lpthreads
collect2: error: ld returned 1 exit status
CMakeFiles/cmTC_9f21d.dir/build.make:97: recipe for target 'cmTC_9f21d' failed
make[1]: *** [cmTC_9f21d] Error 1
make[1]: Leaving directory '/home/huier/Projects/robomaster/gimbal_sim_gazebo/set_vel_plugin/build/CMakeFiles/CMakeTmp'
Makefile:126: recipe for target 'cmTC_9f21d/fast' failed
make: *** [cmTC_9f21d/fast] Error 2


